<?xml version="1.0" encoding="UTF-8"?>
<!-- Generated by org.testng.reporters.JUnitXMLReporter -->
<testsuite ignored="1" hostname="DESKTOP-DECDQP2" failures="3" tests="5" name="All test-Cases(failed)(failed)" time="32.897" errors="0" timestamp="09 Aug 2021 21:28:43 GMT">
  <testcase classname="backbase.UpdateOperation.TC01_Update_ValidateAutoPopulatedScreen" name="TC01_Update_ValidateAutoPopulatedScreen" time="3.664">
    <failure type="java.lang.AssertionError" message="expected [-- Choose a company --] but found [-]">
      <![CDATA[java.lang.AssertionError: expected [-- Choose a company --] but found [-]
at backbase.UpdateOperation.TC01_Update_ValidateAutoPopulatedScreen.TC01_Update_ValidateAutoPopulatedScreen(TC01_Update_ValidateAutoPopulatedScreen.java:177)
... Removed 31 stack frames]]>
    </failure>
  </testcase> <!-- TC01_Update_ValidateAutoPopulatedScreen -->
  <testcase classname="backbase.CreateOperation.TC05_Create_CreateNewComputer_ValidateCount" name="TC06_Create_CreateNewComputer_SearchCreatedEntry" time="0.198">
    <failure type="org.openqa.selenium.NoSuchElementException" message="no such element: Unable to locate element: {&amp;quot;method&amp;quot;:&amp;quot;xpath&amp;quot;,&amp;quot;selector&amp;quot;:&amp;quot;//section[@id=&amp;apos;main&amp;apos;]/h1&amp;quot;}
  (Session info: chrome=92.0.4515.131)
For documentation on this error, please visit: https://www.seleniumhq.org/exceptions/no_such_element.html
Build info: version: &amp;apos;3.141.59&amp;apos;, revision: &amp;apos;e82be7d358&amp;apos;, time: &amp;apos;2018-11-14T08:17:03&amp;apos;
System info: host: &amp;apos;DESKTOP-DECDQP2&amp;apos;, ip: &amp;apos;192.168.1.182&amp;apos;, os.name: &amp;apos;Windows 10&amp;apos;, os.arch: &amp;apos;amd64&amp;apos;, os.version: &amp;apos;10.0&amp;apos;, java.version: &amp;apos;15.0.2&amp;apos;
Driver info: org.openqa.selenium.chrome.ChromeDriver
Capabilities {acceptInsecureCerts: false, browserName: chrome, browserVersion: 92.0.4515.131, chrome: {chromedriverVersion: 92.0.4515.43 (8c61b7e2989f2..., userDataDir: C:\Users\RAMPRA~1\AppData\L...}, goog:chromeOptions: {debuggerAddress: localhost:61903}, javascriptEnabled: true, networkConnectionEnabled: false, pageLoadStrategy: normal, platform: WINDOWS, platformName: WINDOWS, proxy: Proxy(), setWindowRect: true, strictFileInteractability: false, timeouts: {implicit: 0, pageLoad: 300000, script: 30000}, unhandledPromptBehavior: dismiss and notify, webauthn:extension:credBlob: true, webauthn:extension:largeBlob: true, webauthn:virtualAuthenticators: true}
Session ID: 2bd5e98f744a4ff87a4089d23c9c1c43
*** Element info: {Using=xpath, value=//section[@id=&amp;apos;main&amp;apos;]/h1}">
      <![CDATA[org.openqa.selenium.NoSuchElementException: no such element: Unable to locate element: {"method":"xpath","selector":"//section[@id='main']/h1"}
  (Session info: chrome=92.0.4515.131)
For documentation on this error, please visit: https://www.seleniumhq.org/exceptions/no_such_element.html
Build info: version: '3.141.59', revision: 'e82be7d358', time: '2018-11-14T08:17:03'
System info: host: 'DESKTOP-DECDQP2', ip: '192.168.1.182', os.name: 'Windows 10', os.arch: 'amd64', os.version: '10.0', java.version: '15.0.2'
Driver info: org.openqa.selenium.chrome.ChromeDriver
Capabilities {acceptInsecureCerts: false, browserName: chrome, browserVersion: 92.0.4515.131, chrome: {chromedriverVersion: 92.0.4515.43 (8c61b7e2989f2..., userDataDir: C:\Users\RAMPRA~1\AppData\L...}, goog:chromeOptions: {debuggerAddress: localhost:61903}, javascriptEnabled: true, networkConnectionEnabled: false, pageLoadStrategy: normal, platform: WINDOWS, platformName: WINDOWS, proxy: Proxy(), setWindowRect: true, strictFileInteractability: false, timeouts: {implicit: 0, pageLoad: 300000, script: 30000}, unhandledPromptBehavior: dismiss and notify, webauthn:extension:credBlob: true, webauthn:extension:largeBlob: true, webauthn:virtualAuthenticators: true}
Session ID: 2bd5e98f744a4ff87a4089d23c9c1c43
*** Element info: {Using=xpath, value=//section[@id='main']/h1}
at org.openqa.selenium.remote.http.W3CHttpResponseCodec.createException(W3CHttpResponseCodec.java:187)
at org.openqa.selenium.remote.http.W3CHttpResponseCodec.decode(W3CHttpResponseCodec.java:122)
at org.openqa.selenium.remote.http.W3CHttpResponseCodec.decode(W3CHttpResponseCodec.java:49)
at org.openqa.selenium.remote.HttpCommandExecutor.execute(HttpCommandExecutor.java:158)
at org.openqa.selenium.remote.service.DriverCommandExecutor.execute(DriverCommandExecutor.java:83)
at org.openqa.selenium.remote.RemoteWebDriver.execute(RemoteWebDriver.java:552)
at org.openqa.selenium.remote.RemoteWebDriver.findElement(RemoteWebDriver.java:323)
at org.openqa.selenium.remote.RemoteWebDriver.findElementByXPath(RemoteWebDriver.java:428)
at org.openqa.selenium.By$ByXPath.findElement(By.java:353)
at org.openqa.selenium.remote.RemoteWebDriver.findElement(RemoteWebDriver.java:315)
at org.openqa.selenium.support.pagefactory.DefaultElementLocator.findElement(DefaultElementLocator.java:69)
at org.openqa.selenium.support.pagefactory.internal.LocatingElementHandler.invoke(LocatingElementHandler.java:38)
at com.sun.proxy.$Proxy12.getText(Unknown Source)
at backbase.CreateOperation.TC05_Create_CreateNewComputer_ValidateCount.TC06_Create_CreateNewComputer_SearchCreatedEntry(TC05_Create_CreateNewComputer_ValidateCount.java:131)
... Removed 30 stack frames]]>
    </failure>
  </testcase> <!-- TC06_Create_CreateNewComputer_SearchCreatedEntry -->
  <testcase classname="backbase.ReadOperation.TC06_Search_UIValidation_CancelSearch" name="TC06_Search_UIValidation_CancelSearch" time="7.695"/>
  <testcase classname="backbase.UpdateOperation.TC02_Update_UpdateComputerName" name="TC02_Update_UpdateComputerName" time="2.232">
    <failure type="java.lang.AssertionError" message="expected [-- Choose a company --] but found [-]">
      <![CDATA[java.lang.AssertionError: expected [-- Choose a company --] but found [-]
at backbase.UpdateOperation.TC01_Update_ValidateAutoPopulatedScreen.TC01_Update_ValidateAutoPopulatedScreen(TC01_Update_ValidateAutoPopulatedScreen.java:177)
at backbase.UpdateOperation.TC02_Update_UpdateComputerName.TC02_Update_UpdateComputerName(TC02_Update_UpdateComputerName.java:39)
... Removed 31 stack frames]]>
    </failure>
  </testcase> <!-- TC02_Update_UpdateComputerName -->
  <testcase classname="backbase.ReadOperation.TC05_Search_UIValidation_SearchComputerName" name="TC05_Search_UIValidation_SearchComputerName" time="4.25"/>
  <testcase classname="backbase.CreateOperation.TC05_Create_CreateNewComputer_ValidateCount" name="TC05_Create_CreateNewComputer_ValidateCount" time="0.0">
    <ignored/>
  </testcase> <!-- TC05_Create_CreateNewComputer_ValidateCount -->
</testsuite> <!-- All test-Cases(failed)(failed) -->
